<?xml version="1.0" encoding="UTF-8"?>
<!-- Generated by org.testng.reporters.JUnitReportReporter -->
<testsuite hostname="LAPTOP-IS7916A8" failures="0" tests="1" name="testCases.TC001_UserRegistrationTest" time="2.653" errors="0" timestamp="2024-07-29T20:14:51 CST" skipped="0">
  <testcase classname="testCases.TC001_UserRegistrationTest" name="verify_account_registration" time="2.653"/>
</testsuite> <!-- testCases.TC001_UserRegistrationTest -->
